<?xml version="1.0" encoding="UTF-8"?>
<!-- Generated by org.testng.reporters.JUnitReportReporter -->
<testsuite hostname="QA-SYSTEM" failures="0" tests="1" name="com.gigm.testcases.ValidateBooking" time="30.393" errors="1" timestamp="24 Jan 2020 07:56:23 GMT">
  <testcase classname="com.gigm.testcases.ValidateBooking" name="bookAticket" time="30.393">
    <error message="no such element: Unable to locate element: {&quot;method&quot;:&quot;css selector&quot;,&quot;selector&quot;:&quot;div.view-seats-section:nth-child(16) div.col-12.no-margin.seats-view-row.wow.fadeInUp div.container div.row.ng-scope div.row.right-margin.pad-15.itemtemp:nth-child(4) div.pad-bottom div.row.grey-background.down-20.add-pad-mobile.collapse.in div.col-sm-5.col-sm-offset-1.col-xs-12.pad-15.margin-left-10.on-mobile-rotate:nth-child(2) div.a14.add-pad-left.bus-back.ng-scope bus-seats.ng-isolate-scope div.row.ng-scope:nth-child(3) div.col-md-12 div.row div.col-xs-2.pad-28.ng-scope:nth-child(5) &gt; span.seatsselect.ng-binding.bus-available&quot;}
  (Session info: chrome=79.0.3945.130)
For documentation on this error, please visit: https://www.seleniumhq.org/exceptions/no_such_element.html
Build info: version: &#039;3.141.59&#039;, revision: &#039;e82be7d358&#039;, time: &#039;2018-11-14T08:17:03&#039;
System info: host: &#039;QA-SYSTEM&#039;, ip: &#039;192.168.1.207&#039;, os.name: &#039;Windows 10&#039;, os.arch: &#039;amd64&#039;, os.version: &#039;10.0&#039;, java.version: &#039;13.0.1&#039;
Driver info: org.openqa.selenium.chrome.ChromeDriver
Capabilities {acceptInsecureCerts: false, browserName: chrome, browserVersion: 79.0.3945.130, chrome: {chromedriverVersion: 78.0.3904.11 (eaaae9de6b899..., userDataDir: C:\Users\DEVELO~1\AppData\L...}, goog:chromeOptions: {debuggerAddress: localhost:59744}, javascriptEnabled: true, networkConnectionEnabled: false, pageLoadStrategy: normal, platform: XP, platformName: XP, proxy: Proxy(), setWindowRect: true, strictFileInteractability: false, timeouts: {implicit: 0, pageLoad: 300000, script: 30000}, unhandledPromptBehavior: dismiss and notify}
Session ID: eef9f90fff2144959de3f60012920fe7
*** Element info: {Using=css selector, value=div.view-seats-section:nth-child(16) div.col-12.no-margin.seats-view-row.wow.fadeInUp div.container div.row.ng-scope div.row.right-margin.pad-15.itemtemp:nth-child(4) div.pad-bottom div.row.grey-background.down-20.add-pad-mobile.collapse.in div.col-sm-5.col-sm-offset-1.col-xs-12.pad-15.margin-left-10.on-mobile-rotate:nth-child(2) div.a14.add-pad-left.bus-back.ng-scope bus-seats.ng-isolate-scope div.row.ng-scope:nth-child(3) div.col-md-12 div.row div.col-xs-2.pad-28.ng-scope:nth-child(5) &gt; span.seatsselect.ng-binding.bus-available}" type="org.openqa.selenium.NoSuchElementException">
      <![CDATA[org.openqa.selenium.NoSuchElementException: no such element: Unable to locate element: {"method":"css selector","selector":"div.view-seats-section:nth-child(16) div.col-12.no-margin.seats-view-row.wow.fadeInUp div.container div.row.ng-scope div.row.right-margin.pad-15.itemtemp:nth-child(4) div.pad-bottom div.row.grey-background.down-20.add-pad-mobile.collapse.in div.col-sm-5.col-sm-offset-1.col-xs-12.pad-15.margin-left-10.on-mobile-rotate:nth-child(2) div.a14.add-pad-left.bus-back.ng-scope bus-seats.ng-isolate-scope div.row.ng-scope:nth-child(3) div.col-md-12 div.row div.col-xs-2.pad-28.ng-scope:nth-child(5) > span.seatsselect.ng-binding.bus-available"}
  (Session info: chrome=79.0.3945.130)
For documentation on this error, please visit: https://www.seleniumhq.org/exceptions/no_such_element.html
Build info: version: '3.141.59', revision: 'e82be7d358', time: '2018-11-14T08:17:03'
System info: host: 'QA-SYSTEM', ip: '192.168.1.207', os.name: 'Windows 10', os.arch: 'amd64', os.version: '10.0', java.version: '13.0.1'
Driver info: org.openqa.selenium.chrome.ChromeDriver
Capabilities {acceptInsecureCerts: false, browserName: chrome, browserVersion: 79.0.3945.130, chrome: {chromedriverVersion: 78.0.3904.11 (eaaae9de6b899..., userDataDir: C:\Users\DEVELO~1\AppData\L...}, goog:chromeOptions: {debuggerAddress: localhost:59744}, javascriptEnabled: true, networkConnectionEnabled: false, pageLoadStrategy: normal, platform: XP, platformName: XP, proxy: Proxy(), setWindowRect: true, strictFileInteractability: false, timeouts: {implicit: 0, pageLoad: 300000, script: 30000}, unhandledPromptBehavior: dismiss and notify}
Session ID: eef9f90fff2144959de3f60012920fe7
*** Element info: {Using=css selector, value=div.view-seats-section:nth-child(16) div.col-12.no-margin.seats-view-row.wow.fadeInUp div.container div.row.ng-scope div.row.right-margin.pad-15.itemtemp:nth-child(4) div.pad-bottom div.row.grey-background.down-20.add-pad-mobile.collapse.in div.col-sm-5.col-sm-offset-1.col-xs-12.pad-15.margin-left-10.on-mobile-rotate:nth-child(2) div.a14.add-pad-left.bus-back.ng-scope bus-seats.ng-isolate-scope div.row.ng-scope:nth-child(3) div.col-md-12 div.row div.col-xs-2.pad-28.ng-scope:nth-child(5) > span.seatsselect.ng-binding.bus-available}
	at java.base/jdk.internal.reflect.NativeConstructorAccessorImpl.newInstance0(Native Method)
	at java.base/jdk.internal.reflect.NativeConstructorAccessorImpl.newInstance(NativeConstructorAccessorImpl.java:62)
	at java.base/jdk.internal.reflect.DelegatingConstructorAccessorImpl.newInstance(DelegatingConstructorAccessorImpl.java:45)
	at java.base/java.lang.reflect.Constructor.newInstanceWithCaller(Constructor.java:500)
	at java.base/java.lang.reflect.Constructor.newInstance(Constructor.java:481)
	at org.openqa.selenium.remote.http.W3CHttpResponseCodec.createException(W3CHttpResponseCodec.java:187)
	at org.openqa.selenium.remote.http.W3CHttpResponseCodec.decode(W3CHttpResponseCodec.java:122)
	at org.openqa.selenium.remote.http.W3CHttpResponseCodec.decode(W3CHttpResponseCodec.java:49)
	at org.openqa.selenium.remote.HttpCommandExecutor.execute(HttpCommandExecutor.java:158)
	at org.openqa.selenium.remote.service.DriverCommandExecutor.execute(DriverCommandExecutor.java:83)
	at org.openqa.selenium.remote.RemoteWebDriver.execute(RemoteWebDriver.java:552)
	at org.openqa.selenium.remote.RemoteWebDriver.findElement(RemoteWebDriver.java:323)
	at org.openqa.selenium.remote.RemoteWebDriver.findElementByCssSelector(RemoteWebDriver.java:420)
	at org.openqa.selenium.By$ByCssSelector.findElement(By.java:431)
	at org.openqa.selenium.remote.RemoteWebDriver.findElement(RemoteWebDriver.java:315)
	at com.gigm.pages.SeatSelectionPage.selectedSeat(SeatSelectionPage.java:66)
	at com.gigm.testcases.ValidateBooking.bookAticket(ValidateBooking.java:39)
	at java.base/jdk.internal.reflect.NativeMethodAccessorImpl.invoke0(Native Method)
	at java.base/jdk.internal.reflect.NativeMethodAccessorImpl.invoke(NativeMethodAccessorImpl.java:62)
	at java.base/jdk.internal.reflect.DelegatingMethodAccessorImpl.invoke(DelegatingMethodAccessorImpl.java:43)
	at java.base/java.lang.reflect.Method.invoke(Method.java:567)
	at org.testng.internal.MethodInvocationHelper.invokeMethod(MethodInvocationHelper.java:86)
	at org.testng.internal.Invoker.invokeMethod(Invoker.java:643)
	at org.testng.internal.Invoker.invokeTestMethod(Invoker.java:820)
	at org.testng.internal.Invoker.invokeTestMethods(Invoker.java:1128)
	at org.testng.internal.TestMethodWorker.invokeTestMethods(TestMethodWorker.java:129)
	at org.testng.internal.TestMethodWorker.run(TestMethodWorker.java:112)
	at org.testng.TestRunner.privateRun(TestRunner.java:782)
	at org.testng.TestRunner.run(TestRunner.java:632)
	at org.testng.SuiteRunner.runTest(SuiteRunner.java:366)
	at org.testng.SuiteRunner.access$000(SuiteRunner.java:39)
	at org.testng.SuiteRunner$SuiteWorker.run(SuiteRunner.java:400)
	at org.testng.internal.thread.ThreadUtil$2.call(ThreadUtil.java:64)
	at java.base/java.util.concurrent.FutureTask.run(FutureTask.java:264)
	at java.base/java.util.concurrent.ThreadPoolExecutor.runWorker(ThreadPoolExecutor.java:1128)
	at java.base/java.util.concurrent.ThreadPoolExecutor$Worker.run(ThreadPoolExecutor.java:628)
	at java.base/java.lang.Thread.run(Thread.java:830)
]]>
    </error>
  </testcase> <!-- bookAticket -->
</testsuite> <!-- com.gigm.testcases.ValidateBooking -->
